j:\eevee\application server\applicationserver\applicationserver\debug\vc120.pdb
j:\eevee\application server\applicationserver\applicationserver\debug\vc120.idb
j:\eevee\application server\applicationserver\applicationserver\debug\applicationserver.obj
j:\eevee\application server\applicationserver\applicationserver\debug\clients.obj
j:\eevee\application server\applicationserver\applicationserver\debug\database.obj
j:\eevee\application server\applicationserver\applicationserver\debug\md5.obj
j:\eevee\application server\applicationserver\applicationserver\debug\point.obj
j:\eevee\application server\applicationserver\applicationserver\debug\server.obj
j:\eevee\application server\applicationserver\applicationserver\debug\stdafx.obj
j:\eevee\application server\applicationserver\applicationserver\debug\user.obj
j:\eevee\application server\applicationserver\applicationserver\debug\users.obj
j:\eevee\application server\applicationserver\debug\applicationserver.ilk
j:\eevee\application server\applicationserver\debug\applicationserver.exe
j:\eevee\application server\applicationserver\debug\applicationserver.pdb
j:\eevee\application server\applicationserver\applicationserver\debug\applicat.672498bf.tlog\cl.command.1.tlog
j:\eevee\application server\applicationserver\applicationserver\debug\applicat.672498bf.tlog\cl.read.1.tlog
j:\eevee\application server\applicationserver\applicationserver\debug\applicat.672498bf.tlog\cl.write.1.tlog
j:\eevee\application server\applicationserver\applicationserver\debug\applicat.672498bf.tlog\link.command.1.tlog
j:\eevee\application server\applicationserver\applicationserver\debug\applicat.672498bf.tlog\link.read.1.tlog
j:\eevee\application server\applicationserver\applicationserver\debug\applicat.672498bf.tlog\link.write.1.tlog
