La génération a démarré 07/10/2014 23:12:06.
     1>Projet "J:\Eevee\application server\ApplicationServer\ApplicationServer\ApplicationServer.vcxproj" sur le nœud 2 (Build cible(s)).
     1>ClCompile:
         C:\Program Files (x86)\Microsoft Visual Studio 12.0\VC\bin\CL.exe /c /I"J:\Eevee\application server\ApplicationServer\packages\cpprestsdk.2.2.0\build\native\include\\" /ZI /nologo /W3 /WX- /Od /Oy- /D HAS_CPPRESTSDK /D WIN32 /D _DEBUG /D _CONSOLE /D _LIB /D _UNICODE /D UNICODE /Gm /EHsc /RTC1 /MDd /GS /fp:precise /Zc:wchar_t /Zc:forScope /Fo"Debug\\" /Fd"Debug\vc120.pdb" /Gd /TP /analyze- /errorReport:prompt ApplicationServer.cpp Server.cpp User.cpp Users.cpp
         User.cpp
         Génération de code en cours...
         Compilation en cours...
         Users.cpp
         Server.cpp
     1>j:\eevee\application server\applicationserver\applicationserver\server.cpp(62): warning C4101: 'mobClient' : variable locale non référencée
     1>j:\eevee\application server\applicationserver\applicationserver\server.cpp(133): warning C4244: 'argument' : conversion de 'double' en 'float', perte possible de données
     1>j:\eevee\application server\applicationserver\applicationserver\server.cpp(181): warning C4244: 'argument' : conversion de 'double' en 'float', perte possible de données
     1>j:\eevee\application server\applicationserver\applicationserver\server.cpp(182): warning C4244: 'argument' : conversion de 'double' en 'float', perte possible de données
         ApplicationServer.cpp
         Génération de code en cours...
       Link:
         C:\Program Files (x86)\Microsoft Visual Studio 12.0\VC\bin\link.exe /ERRORREPORT:PROMPT /OUT:"J:\Eevee\application server\ApplicationServer\Debug\ApplicationServer.exe" /INCREMENTAL /NOLOGO "J:\Eevee\application server\ApplicationServer\packages\cpprestsdk.2.2.0\build\native\lib\Win32\v120\Debug\Desktop\cpprest120d_2_2.lib" kernel32.lib user32.lib gdi32.lib winspool.lib comdlg32.lib advapi32.lib shell32.lib ole32.lib oleaut32.lib uuid.lib odbc32.lib odbccp32.lib /MANIFEST /MANIFESTUAC:"level='asInvoker' uiAccess='false'" /manifest:embed /DEBUG /PDB:"J:\Eevee\application server\ApplicationServer\Debug\ApplicationServer.pdb" /SUBSYSTEM:CONSOLE /TLBID:1 /DYNAMICBASE /NXCOMPAT /IMPLIB:"J:\Eevee\application server\ApplicationServer\Debug\ApplicationServer.lib" /MACHINE:X86 Debug\ApplicationServer.obj
         Debug\User.obj
         Debug\Users.obj
         Debug\Database.obj
         Debug\md5.obj
         Debug\Point.obj
         Debug\Server.obj
         Debug\stdafx.obj
         ApplicationServer.vcxproj -> J:\Eevee\application server\ApplicationServer\Debug\ApplicationServer.exe
     1>Génération du projet "J:\Eevee\application server\ApplicationServer\ApplicationServer\ApplicationServer.vcxproj" terminée (Build cible(s)).

La génération a réussi.

Temps écoulé 00:00:22.05
